<?xml version="1.0" encoding="UTF-8"?>
<testng-results ignored="0" total="1" passed="1" failed="0" skipped="0">
  <reporter-output>
  </reporter-output>
  <suite started-at="2023-09-14T16:37:15 IST" name="Default suite" finished-at="2023-09-14T16:38:09 IST" duration-ms="54351">
    <groups>
    </groups>
    <test started-at="2023-09-14T16:37:15 IST" name="Default test" finished-at="2023-09-14T16:38:09 IST" duration-ms="54351">
      <class name="com.Equarz.Testcases.Search">
        <test-method is-config="true" signature="Intialzation()[pri:0, instance:com.Equarz.Testcases.Search@55141def]" started-at="2023-09-14T16:37:15 IST" name="Intialzation" finished-at="2023-09-14T16:37:53 IST" duration-ms="38202" status="PASS">
          <reporter-output>
          </reporter-output>
        </test-method> <!-- Intialzation -->
        <test-method signature="verfy()[pri:0, instance:com.Equarz.Testcases.Search@55141def]" started-at="2023-09-14T16:37:53 IST" name="verfy" finished-at="2023-09-14T16:38:07 IST" duration-ms="13921" status="PASS">
          <reporter-output>
          </reporter-output>
        </test-method> <!-- verfy -->
        <test-method is-config="true" signature="clos()[pri:0, instance:com.Equarz.Testcases.Search@55141def]" started-at="2023-09-14T16:38:07 IST" name="clos" finished-at="2023-09-14T16:38:09 IST" duration-ms="2057" status="PASS">
          <reporter-output>
          </reporter-output>
        </test-method> <!-- clos -->
      </class> <!-- com.Equarz.Testcases.Search -->
    </test> <!-- Default test -->
  </suite> <!-- Default suite -->
</testng-results>
